Sun, 12 May 2024 00:23:10 +0200 [CRITICAL] request="5cd510267e142" component="TYPO3.CMS.Core.Error.ProductionExceptionHandler": Core: Exception handler (WEB: BE): RuntimeException, code #1289917924, file C:\xampp\htdocs\typo3extension\typo3\sysext\backend\Classes\Http\RouteDispatcher.php, line 187: You don't have access to this page - {"mode":"WEB","application_mode":"BE","exception_class":"RuntimeException","exception_code":1289917924,"file":"C:\\xampp\\htdocs\\typo3extension\\typo3\\sysext\\backend\\Classes\\Http\\RouteDispatcher.php","line":187,"message":"You don't have access to this page","request_url":"http://localhost/typo3extension/typo3/module/web/layout?token=--AnonymizedToken--&id=55&","exception":null}
Sun, 12 May 2024 00:24:14 +0200 [CRITICAL] request="628518cebbb1c" component="TYPO3.CMS.Core.Error.ProductionExceptionHandler": Core: Exception handler (WEB: BE): RuntimeException, code #1289917924, file C:\xampp\htdocs\typo3extension\typo3\sysext\backend\Classes\Http\RouteDispatcher.php, line 187: You don't have access to this page - {"mode":"WEB","application_mode":"BE","exception_class":"RuntimeException","exception_code":1289917924,"file":"C:\\xampp\\htdocs\\typo3extension\\typo3\\sysext\\backend\\Classes\\Http\\RouteDispatcher.php","line":187,"message":"You don't have access to this page","request_url":"http://localhost/typo3extension/typo3/module/web/layout?token=--AnonymizedToken--&id=55&","exception":null}
Sun, 12 May 2024 00:27:19 +0200 [ERROR] request="f8c105fd1e0df" component="TYPO3.CMS.Core.Localization.Locales": Locale "en_US.UTF-8" and  "en_US" not found. 
Sun, 12 May 2024 00:27:19 +0200 [ALERT] request="f8c105fd1e0df" component="TYPO3.CMS.Frontend.Controller.TypoScriptFrontendController": No TypoScript template found! 
Sun, 12 May 2024 00:27:51 +0200 [ERROR] request="f2d4ab1d6f4c5" component="TYPO3.CMS.Core.Localization.Locales": Locale "en_US.UTF-8" and  "en_US" not found. 
Sun, 12 May 2024 00:28:09 +0200 [ERROR] request="3b644bfa30812" component="TYPO3.CMS.Core.Localization.Locales": Locale "en_US.UTF-8" and  "en_US" not found. 
Sun, 12 May 2024 00:28:12 +0200 [ERROR] request="b4fd3dcc7d99c" component="TYPO3.CMS.Core.Localization.Locales": Locale "en_US.UTF-8" and  "en_US" not found. 
Sun, 12 May 2024 00:28:12 +0200 [ERROR] request="1e90cdf7b4bd8" component="TYPO3.CMS.Core.Localization.Locales": Locale "en_US.UTF-8" and  "en_US" not found. 
Sun, 12 May 2024 00:28:20 +0200 [WARNING] request="7ea31de722c1c" component="TYPO3.CMS.Core.Error.ErrorHandler": Core: Error handler (BE): PHP Warning: rename(C:/xampp/htdocs/typo3extension/typo3temp/var/cache/code/core/663ff104b67f8330120310.temp,C:/xampp/htdocs/typo3extension/typo3temp/var/cache/code/core/PackageManager_17e5f6eeb000647391b392a1d85b0a7e.php): Access is denied (code: 5) in C:\xampp\htdocs\typo3extension\typo3\sysext\core\Classes\Cache\Backend\SimpleFileBackend.php line 235 
Sun, 12 May 2024 00:28:21 +0200 [WARNING] request="7ea31de722c1c" component="TYPO3.CMS.Core.Error.ErrorHandler": Core: Error handler (BE): PHP Warning: rename(C:/xampp/htdocs/typo3extension/typo3temp/var/cache/code/core/663ff105b29b9976979018.temp,C:/xampp/htdocs/typo3extension/typo3temp/var/cache/code/core/tca_base_3a182d3af92efca97e5f7a2f353869f84e640a85.php): Access is denied (code: 5) in C:\xampp\htdocs\typo3extension\typo3\sysext\core\Classes\Cache\Backend\SimpleFileBackend.php line 235 
Sun, 12 May 2024 00:28:21 +0200 [ERROR] request="718796f2a4057" component="TYPO3.CMS.Core.Localization.Locales": Locale "en_US.UTF-8" and  "en_US" not found. 
Sun, 12 May 2024 00:28:21 +0200 [ERROR] request="7ea31de722c1c" component="TYPO3.CMS.Core.Localization.Locales": Locale "en_US.UTF-8" and  "en_US" not found. 
Sun, 12 May 2024 00:28:36 +0200 [ERROR] request="3af29823f97cc" component="TYPO3.CMS.Core.Localization.Locales": Locale "en_US.UTF-8" and  "en_US" not found. 
Sun, 12 May 2024 00:28:45 +0200 [ERROR] request="365f7b9869b04" component="TYPO3.CMS.Core.Localization.Locales": Locale "en_US.UTF-8" and  "en_US" not found. 
Sun, 12 May 2024 00:28:45 +0200 [ERROR] request="b4ad0de1e07af" component="TYPO3.CMS.Core.Localization.Locales": Locale "en_US.UTF-8" and  "en_US" not found. 
Sun, 12 May 2024 00:31:41 +0200 [ERROR] request="e6cf75c1a2565" component="TYPO3.CMS.Core.Localization.Locales": Locale "en_US.UTF-8" and  "en_US" not found. 
Sun, 12 May 2024 00:31:41 +0200 [ERROR] request="9ec9a021099a4" component="TYPO3.CMS.Core.Localization.Locales": Locale "en_US.UTF-8" and  "en_US" not found. 
Sun, 12 May 2024 00:32:01 +0200 [ERROR] request="13c5f621bc663" component="TYPO3.CMS.Core.Localization.Locales": Locale "en_US.UTF-8" and  "en_US" not found. 
Sun, 12 May 2024 00:32:01 +0200 [ALERT] request="13c5f621bc663" component="TYPO3.CMS.Frontend.Controller.TypoScriptFrontendController": The page is not configured! [type=0][]. - {"type":0,"type_name":""}
Sun, 12 May 2024 00:32:01 +0200 [ERROR] request="0d46d1be34fd5" component="TYPO3.CMS.Core.Localization.Locales": Locale "en_US.UTF-8" and  "en_US" not found. 
Sun, 12 May 2024 00:32:02 +0200 [ERROR] request="65e86d7f6f6b1" component="TYPO3.CMS.Core.Localization.Locales": Locale "en_US.UTF-8" and  "en_US" not found. 
Sun, 12 May 2024 00:32:02 +0200 [ALERT] request="0d46d1be34fd5" component="TYPO3.CMS.Frontend.Controller.TypoScriptFrontendController": The page is not configured! [type=0][]. - {"type":0,"type_name":""}
Sun, 12 May 2024 00:32:02 +0200 [ALERT] request="65e86d7f6f6b1" component="TYPO3.CMS.Frontend.Controller.TypoScriptFrontendController": The page is not configured! [type=0][]. - {"type":0,"type_name":""}
Sun, 12 May 2024 00:50:03 +0200 [ERROR] request="65783cb2475d8" component="TYPO3.CMS.Core.Localization.Locales": Locale "en_US.UTF-8" and  "en_US" not found. 
Sun, 12 May 2024 00:50:04 +0200 [ALERT] request="65783cb2475d8" component="TYPO3.CMS.Frontend.Controller.TypoScriptFrontendController": The page is not configured! [type=0][]. - {"type":0,"type_name":""}
Fri, 17 May 2024 16:45:47 +0200 [ERROR] request="a4fdd4322e3c5" component="TYPO3.CMS.Core.Localization.Locales": Locale "en_US.UTF-8" and  "en_US" not found. 
Fri, 17 May 2024 16:45:47 +0200 [ALERT] request="a4fdd4322e3c5" component="TYPO3.CMS.Frontend.Controller.TypoScriptFrontendController": No TypoScript template found! 
Fri, 17 May 2024 16:46:14 +0200 [ERROR] request="672d62a3ea8ba" component="TYPO3.CMS.Core.Localization.Locales": Locale "en_US.UTF-8" and  "en_US" not found. 
Fri, 17 May 2024 17:00:16 +0200 [ERROR] request="7d7208f6207e2" component="TYPO3.CMS.Core.Localization.Locales": Locale "en_US.UTF-8" and  "en_US" not found. 
Fri, 17 May 2024 17:02:56 +0200 [ERROR] request="027268f2a1630" component="TYPO3.CMS.Core.Localization.Locales": Locale "en_US.UTF-8" and  "en_US" not found. 
Sun, 19 May 2024 14:22:09 +0200 [ERROR] request="7d742e9d8736d" component="TYPO3.CMS.Core.Localization.Locales": Locale "en_US.UTF-8" and  "en_US" not found. 
